╔═════════════════════════════════════════════╗
║  ███████╗ ██╗   ██╗  ██████╗  ██╗ ███████╗  ║
║  ██╔════╝ ██║   ██║ ██╔════╝  ██║ ██╔════╝  ║
║  █████╗   ██║   ██║ ██║  ███╗ ██║ ███████╗  ║
║  ██╔══╝   ██║   ██║ ██║   ██║ ██║ ╚════██║  ║
║  ██║      ╚██████╔╝ ╚██████╔╝ ██║ ███████║  ║
║  ╚═╝       ╚═════╝   ╚═════╝  ╚═╝ ╚══════╝  ║
║  Fast Universal Gentoo Installation Script  ║
║   Created by Lotrando (c) 2024-2025 v 1.9   ║
╚═════════════════════════════════════════════╝

Installation type:

1. Classic (Clear Gentoo linux)
2. Webserver (Gentoo linux as LAMP server)
3. Hyprland (Gentoo Linux as Hyprland Desktop)
4. Webdevelop (Gentoo Linux as Development Workstation)

Choose installation type (1-4): 1
You have chosen: Classic (Clear Gentoo Linux)

Detected disks:

1. /dev/sda (  32G VBOX HARDDISK   )

Select disk by number (1-1): 1
You selected: /dev/sda (SSD/SATA)

UEFI/BOOT partition size in MB:

Enter UEFI/BOOT partition size [1024]:

SWAP config:

1. SWAP Off
2. SWAP Partition

Choose SWAP type (1-2): 1
You have chosen: SWAP Off

Users and passwords:

Enter username [user]: lortando
Enter user password [toor]:
Enter root password [toor]:

Setup computer:

Enter hostname [gentoo]:
Enter domain name [gentoo.dev]:

Kernel sources selection:

1. Zen (optimized for desktop)
2. Gentoo (stable for webserver)
3. Git (development kernel)

Choose kernel type (1-3): 1
You have chosen: Zen Sources

GRUB resolution:

Enter GRUB gfx mode [1920x1080x32]:

Setup locales:

1. English (en_US.UTF-8)
2. Czech (cs_CZ.UTF-8)
Select locale (1-2): 1
Enter keymap [us]:
Enter timezone [Europe/Prague]:

Detected network interfaces:

1. enp0s3

Select network interface by number (1-1): 1
You selected: enp0s3

Network configuration:
1. DHCP (automatic)
2. Static IP

Select network configuration (1-2): 1
You selected: DHCP

Summary of your settings:

Installation type: Classic (Clear Gentoo Linux)
Target disk: /dev/sda
Disk type: SSD/SATA
UEFI/BOOT size: 1024 MB
Locale: en_US.UTF-8
Username: lortando
User password: toor
Root password: toor
Hostname: gentoo
Domain name: gentoo.dev
Kernel: Zen Sources
GRUB Resolution: 1920x1080x32
Timezone: Europe/Prague
Keymap: us
Network interface: enp0s3
Network mode: dhcp
Swap type: none

WARNING: Confirm will COMPLETELY WIPE the selected disk!

Is everything set as you want? (y/n): y

[INFO] ✓ Checkig if have root privileges
[INFO] ✓ Checkig if script running in live environment
[INFO] ✓ Check if all required commands are available
[INFO] ✓ Check Internet connectivity
[INFO] ✓ Detected Intel GPU
[INFO] ✓ Detect CPU flags: aes avx avx2 bmi1 bmi2 f16c fma3 mmx mmxext pclmul popcnt rdrand sse sse2 sse3 sse4_1 sse4_2 ssse3
[INFO] ✓ Detect MAKEOPTS: -j6
[INFO] ✓ Creating partitions on /dev/sda
[INFO] ✓ Creating filesystems on UEFI/BOOT and ROOT partitions
[INFO] ✓ Mounting created filesystems
[INFO] ✓ Downloading: stage3-amd64-openrc-20250706T150904Z.tar.xz
[INFO] ✓ Extracting downloaded stage
[INFO] ✓ Copying repos.conf
[INFO] ✓ Copying resolv.conf
[INFO] ✓ Cleaning up downloaded tarball
[INFO] ✓ Mounting [proc, sys, dev, run] filesystems
[INFO] ✓ Creating chroot configuration file
[INFO] ✓ Generate install script
[INFO] ✓ Starting chroot installation
[INFO] ✓ Updating portage tree
[INFO] ✓ Configuring portage
[INFO] ✓ Configuring GPU
[INFO] ✓ Configuring CPU FLAGS
[INFO] ✓ Configuring MAKEOPTS
[INFO] ✓ Update /etc/fstab file
[INFO] ✓ Setting hostname to gentoo
[INFO] ✓ Setting consolefont
[INFO] ✓ Setting hosts to gentoo.gentoo.dev
[INFO] ✓ Setting network
[INFO] ✓ Setting keymap
[INFO] ✓ Generate locales
[INFO] ✓ Setting timezone
[INFO] ✓ Installing kernel packages

These are the packages that would be merged, in order:

Calculating dependencies... done!
Dependency resolution took 0.76 s (backtrack: 0/20).

[ebuild  N     ] dev-libs/elfutils-0.193::gentoo  USE="bzip2 nls utils -debuginfod -lzma -stacktrace -static-libs -test -valgrind -verify-sig -zstd" ABI_X86="(64) -32 (-x32)" 11,695 KiB
[ebuild  N     ] virtual/libelf-3-r1:0/1::gentoo  ABI_X86="(64) -32 (-x32)" 0 KiB
[ebuild  N     ] app-arch/cpio-2.15::gentoo  USE="nls" 1,613 KiB
[ebuild  N     ] app-alternatives/cpio-0::gentoo  USE="gnu -libarchive (-split-usr)" 0 KiB
[ebuild  N     ] sys-kernel/zen-sources-6.13.8:6.13.8::gentoo  USE="symlink -build" 145,859 KiB

Total: 5 packages (5 new), Size of downloads: 159,166 KiB

>>> Verifying ebuild manifests
>>> Emerging (1 of 5) dev-libs/elfutils-0.193::gentoo
>>> Emerging (2 of 5) app-arch/cpio-2.15::gentoo
>>> Installing (1 of 5) dev-libs/elfutils-0.193::gentoo
>>> Completed (1 of 5) dev-libs/elfutils-0.193::gentoo
>>> Installing (2 of 5) app-arch/cpio-2.15::gentoo
>>> Completed (2 of 5) app-arch/cpio-2.15::gentoo
>>> Emerging (3 of 5) virtual/libelf-3-r1::gentoo
>>> Installing (3 of 5) virtual/libelf-3-r1::gentoo
>>> Completed (3 of 5) virtual/libelf-3-r1::gentoo
>>> Emerging (4 of 5) app-alternatives/cpio-0::gentoo
>>> Installing (4 of 5) app-alternatives/cpio-0::gentoo
>>> Completed (4 of 5) app-alternatives/cpio-0::gentoo
>>> Emerging (5 of 5) sys-kernel/zen-sources-6.13.8::gentoo
>>> Installing (5 of 5) sys-kernel/zen-sources-6.13.8::gentoo
>>> Recording sys-kernel/zen-sources in "world" favorites file...
>>> Completed (5 of 5) sys-kernel/zen-sources-6.13.8::gentoo
>>> Jobs: 5 of 5 complete                                               Load avg: 2.10, 1.09, 0.43

 * Messages for package app-alternatives/cpio-0:

 * This package will overwrite one or more files that may belong to other
 * packages (see list below). You can use a command such as `portageq
 * owners / <filename>` to identify the installed package that owns a
 * file. If portageq reports that only one package owns a file then do
 * NOT file a bug report. A bug report is only useful if it identifies at
 * least two or more packages that are known to install the same file(s).
 * If a collision occurs and you can not explain where the file came from
 * then you should simply ignore the collision since there is not enough
 * information to determine if a real problem exists. Please do NOT file
 * a bug report at https://bugs.gentoo.org/ unless you report exactly
 * which two packages install the same file(s). See
 * https://wiki.gentoo.org/wiki/Knowledge_Base:Blockers for tips on how
 * to solve the problem. And once again, please do NOT file a bug report
 * unless you have completely understood the above message.
 *
 * Detected file collision(s):
 *
 * 	/bin/cpio
 *
 * Searching all installed packages for file collisions...
 *
 * Press Ctrl-C to Stop
 *
 * None of the installed packages claim the file(s).
 *
 * Package 'app-alternatives/cpio-0' merged despite file collisions. If
 * necessary, refer to your elog messages for the whole content of the
 * above message.

 * Messages for package sys-kernel/zen-sources-6.13.8:

 *
 * zen-sources is *not* supported by the Gentoo Kernel Project in any way.
 * If you need support, please contact the zen developers directly.
 * Do *not* open bugs in Gentoo's bugzilla unless you have issues with
 * the ebuilds. Thank you.
 *
 * If you are upgrading from a previous kernel, you may be interested
 * in the following document:
 *   - General upgrade guide: https://wiki.gentoo.org/wiki/Kernel/Upgrade
 * zen-sources is UNSUPPORTED by Gentoo Security.
 * This means that it is likely to be vulnerable to recent security issues.
 * Upstream kernel developers recommend always running the latest
 * release of any current long term supported Linux kernel version.
 * To see a list of these versions, their most current release and
 * long term support status, please go to https://www.kernel.org .
 * For specific information on why this kernel is unsupported, please read:
 * https://wiki.gentoo.org/wiki/Project:Kernel_Security
 * Install additional packages for optional runtime features:
 *   sys-kernel/installkernel for versioned kernel image installation and optionally automating tasks such as generating an initramfs or unified kernel image

 * Regenerating GNU info directory index...
 * Processed 102 info files.
[INFO] ✓ Installing firmware and genkernel

These are the packages that would be merged, in order:

Calculating dependencies... done!
Dependency resolution took 0.91 s (backtrack: 0/20).

[ebuild  N     ] sys-kernel/linux-firmware-20250627::gentoo  USE="initramfs redistributable -bindist -compress-xz -compress-zstd -deduplicate -dist-kernel -savedconfig (-unknown-license)" 518,492 KiB
[ebuild  N     ] app-text/asciidoc-10.2.1::gentoo  USE="-test" PYTHON_SINGLE_TARGET="python3_13 -pypy3_11 -python3_11 -python3_12" 1,251 KiB
[ebuild  N     ] app-crypt/rhash-1.4.6-r1:0/1::gentoo  USE="nls ssl -debug -static-libs" ABI_X86="(64) -32 (-x32)" CPU_FLAGS_X86="-sha" 451 KiB
[ebuild  N     ] dev-libs/jsoncpp-1.9.6-r2:0/26::gentoo  USE="-doc -test" ABI_X86="(64) -32 (-x32)" 208 KiB
[ebuild  N     ] net-dns/c-ares-1.34.5:0/2::gentoo  USE="-static-libs -test -verify-sig" ABI_X86="(64) -32 (-x32)" 986 KiB
[ebuild  N     ] net-libs/nghttp3-1.10.1::gentoo  ABI_X86="(64) -32 (-x32)" 390 KiB
[ebuild  N     ] app-arch/libarchive-3.8.1:0/13::gentoo  USE="acl bzip2 e2fsprogs iconv lzma xattr zstd -blake2 -expat -lz4 -lzo -nettle -static-libs -test -verify-sig" ABI_X86="(64) -32 (-x32)" 5,811 KiB
[ebuild  N     ] dev-libs/libuv-1.51.0:0/1::gentoo  USE="-verify-sig" 1,313 KiB
[ebuild  N     ] net-libs/nghttp2-1.66.0:0/1.14::gentoo  USE="-debug -hpack-tools -jemalloc -systemd -test -utils -xml" ABI_X86="(64) -32 (-x32)" 1,704 KiB
[ebuild  N     ] net-libs/libpsl-0.21.5::gentoo  USE="idn -icu -static-libs -test" ABI_X86="(64) -32 (-x32)" 7,446 KiB
[ebuild  N     ] net-misc/curl-8.14.1::gentoo  USE="adns alt-svc ftp hsts http2 http3 httpsrr imap openssl pop3 psl quic smtp ssl tftp websockets -brotli -debug -ech -gnutls -gopher -idn -kerberos -ldap -mbedtls -rtmp -rustls -samba -sasl-scram -ssh -static-libs -telnet -test -verify-sig -zstd" ABI_X86="(64) -32 (-x32)" CURL_QUIC="openssl -ngtcp2" CURL_SSL="openssl -gnutls -mbedtls -rustls" 2,752 KiB
[ebuild  N     ] dev-build/cmake-4.0.3::gentoo  USE="ncurses -dap -doc -gui -test -verify-sig" 12,117 KiB
[ebuild  N     ] sys-kernel/genkernel-4.3.17-r1::gentoo  USE="firmware (-ibm) -systemd" PYTHON_SINGLE_TARGET="python3_13 -python3_11 -python3_12" 185,581 KiB

Total: 13 packages (13 new), Size of downloads: 738,496 KiB

>>> Verifying ebuild manifests
>>> Running pre-merge checks for sys-kernel/linux-firmware-20250627
 * Your /boot partition was detected as being mounted.
 * Files will be installed there for linux-firmware to function correctly.
 * Assuming you do not have a separate /efi partition.
 * Assuming you do not have a separate /boot/efi partition.
 * Assuming you do not have a separate /boot/EFI partition.
>>> Running pre-merge checks for net-libs/libpsl-0.21.5
>>> Running pre-merge checks for dev-build/cmake-4.0.3
>>> Emerging (1 of 13) sys-kernel/linux-firmware-20250627::gentoo
>>> Emerging (2 of 13) app-text/asciidoc-10.2.1::gentoo
>>> Emerging (3 of 13) app-crypt/rhash-1.4.6-r1::gentoo
>>> Emerging (4 of 13) dev-libs/jsoncpp-1.9.6-r2::gentoo
>>> Emerging (5 of 13) net-dns/c-ares-1.34.5::gentoo
>>> Emerging (6 of 13) net-libs/nghttp3-1.10.1::gentoo
>>> Emerging (7 of 13) app-arch/libarchive-3.8.1::gentoo
>>> Emerging (8 of 13) dev-libs/libuv-1.51.0::gentoo
>>> Emerging (9 of 13) net-libs/nghttp2-1.66.0::gentoo
>>> Emerging (10 of 13) net-libs/libpsl-0.21.5::gentoo
>>> Installing (2 of 13) app-text/asciidoc-10.2.1::gentoo
>>> Completed (2 of 13) app-text/asciidoc-10.2.1::gentoo
>>> Installing (3 of 13) app-crypt/rhash-1.4.6-r1::gentoo
>>> Completed (3 of 13) app-crypt/rhash-1.4.6-r1::gentoo
>>> Installing (4 of 13) dev-libs/jsoncpp-1.9.6-r2::gentoo
>>> Completed (4 of 13) dev-libs/jsoncpp-1.9.6-r2::gentoo
>>> Installing (5 of 13) net-dns/c-ares-1.34.5::gentoo
>>> Completed (5 of 13) net-dns/c-ares-1.34.5::gentoo
>>> Installing (6 of 13) net-libs/nghttp3-1.10.1::gentoo
>>> Completed (6 of 13) net-libs/nghttp3-1.10.1::gentoo
>>> Installing (1 of 13) sys-kernel/linux-firmware-20250627::gentoo
>>> Recording sys-kernel/linux-firmware in "world" favorites file...
>>> Completed (1 of 13) sys-kernel/linux-firmware-20250627::gentoo
>>> Installing (8 of 13) dev-libs/libuv-1.51.0::gentoo
>>> Completed (8 of 13) dev-libs/libuv-1.51.0::gentoo
>>> Installing (7 of 13) app-arch/libarchive-3.8.1::gentoo
>>> Completed (7 of 13) app-arch/libarchive-3.8.1::gentoo
>>> Installing (10 of 13) net-libs/libpsl-0.21.5::gentoo
>>> Completed (10 of 13) net-libs/libpsl-0.21.5::gentoo
>>> Installing (9 of 13) net-libs/nghttp2-1.66.0::gentoo
>>> Completed (9 of 13) net-libs/nghttp2-1.66.0::gentoo
>>> Emerging (11 of 13) net-misc/curl-8.14.1::gentoo
>>> Installing (11 of 13) net-misc/curl-8.14.1::gentoo
>>> Completed (11 of 13) net-misc/curl-8.14.1::gentoo
>>> Emerging (12 of 13) dev-build/cmake-4.0.3::gentoo
>>> Installing (12 of 13) dev-build/cmake-4.0.3::gentoo
>>> Completed (12 of 13) dev-build/cmake-4.0.3::gentoo
>>> Emerging (13 of 13) sys-kernel/genkernel-4.3.17-r1::gentoo
>>> Installing (13 of 13) sys-kernel/genkernel-4.3.17-r1::gentoo
>>> Recording sys-kernel/genkernel in "world" favorites file...
>>> Completed (13 of 13) sys-kernel/genkernel-4.3.17-r1::gentoo
>>> Jobs: 13 of 13 complete                                             Load avg: 4.13, 4.20, 2.31

 * Messages for package app-text/asciidoc-10.2.1:

 * If you are going to use a2x, please also look at a2x(1) under
 * REQUISITES for a list of runtime dependencies.
 *
 * (Note: Above message is only printed the first time package is
 * installed. Please look at /usr/share/doc/asciidoc-10.2.1/README.gentoo*
 * for future reference)
 * Install additional packages for optional runtime features:
 *   media-sound/lilypond and virtual/imagemagick-tools for music filter support
 *   dev-util/source-highlight and dev-python/pygments and app-text/highlight for source filter support
 *   dev-texlive/texlive-latex and app-text/dvipng for latex filter support
 *   dev-texlive/texlive-latex and app-text/dvisvgm for latex filter support
 *   media-gfx/graphviz for graphviz filter support

 * Messages for package sys-kernel/linux-firmware-20250627:

 * Your configuration for sys-kernel/linux-firmware-20250627 has been saved in
 * "/etc/portage/savedconfig/sys-kernel/linux-firmware-20250627" for your editing pleasure.
 * You can edit these files by hand and remerge this package with
 * USE=savedconfig to customise the configuration.
 * You can rename this file/directory to one of the following for
 * its configuration to apply to multiple versions:
 * ${PORTAGE_CONFIGROOT}/etc/portage/savedconfig/
 * [${CTARGET}|${CHOST}|""]/${CATEGORY}/[${PF}|${P}|${PN}]
 * If you are only interested in particular firmware files, edit the saved
 * configfile and remove those that you do not want.

 * GNU info directory index is up-to-date.

 * IMPORTANT: 2 news items need reading for repository 'gentoo'.
 * Use eselect news read to view new items.

[INFO] ✓ Starting generate kernel
* Gentoo Linux Genkernel; Version 4.3.17
* Using genkernel configuration from '/etc/genkernel.conf' ...
* Running with options: all

* Working with Linux kernel 6.13.8-zen1 for x86_64
* Using kernel config file '/usr/share/genkernel/arch/x86_64/generated-config' ...
*
* Note: The version above is subject to change (depends on config and status of kernel sources).

* kernel: >> Initializing ...
*         >> Running 'make mrproper' ...
*         >> Running 'make oldconfig' ...
*         >> Re-running 'make oldconfig' due to changed kernel options ...
*         >> Kernel version has changed (probably due to config change) since genkernel start:
*            We are now building Linux kernel 6.13.8-zen1-x86_64 for x86_64 ...
*         >> Compiling 6.13.8-zen1-x86_64 bzImage ...
*         >> Compiling 6.13.8-zen1-x86_64 modules ...
*         >> Installing 6.13.8-zen1-x86_64 modules (and stripping) ...
*         >> Generating module dependency data ...
*         >> Compiling out-of-tree module(s) ...
*         >> Saving config of successful build to '/etc/kernels/kernel-config-6.13.8-zen1-x86_64' ...

* initramfs: >> Initializing ...
*         >> Appending devices cpio data ...
*         >> Appending base_layout cpio data ...
*         >> Appending util-linux cpio data ...
*         >> Appending eudev cpio data ...
*         >> Appending auxiliary cpio data ...
*         >> Appending busybox cpio data ...
*         >> Appending modprobed cpio data ...
*         >> Appending modules cpio data ...
*         >> Deduping cpio ...
*         >> Pre-generating initramfs' /etc/ld.so.cache ...
*         >> Compressing cpio data (.xz) ...

* Kernel compiled successfully!
*
* --no-bootloader set; Skipping bootloader update ...
*
* Required kernel parameter:
*
* 	root=/dev/$ROOT
*
* Where $ROOT is the device node for your root partition as the
* one specified in /etc/fstab

* If you require Genkernel's hardware detection features, you MUST
* tell your bootloader to use the provided initramfs file '/boot/initramfs-6.13.8-zen1-x86_64.img'.

* WARNING... WARNING... WARNING...
* Additional kernel parameters that *may* be required to boot properly:

* Do NOT report kernel bugs as genkernel bugs unless your bug
* is about the default genkernel configuration...
*
* Make sure you have the latest ~arch genkernel before reporting bugs.
[INFO] ✓ Installing important packages

 * IMPORTANT: 2 news items need reading for repository 'gentoo'.
 * Use eselect news read to view new items.


These are the packages that would be merged, in order:

Calculating dependencies... done!
Dependency resolution took 3.62 s (backtrack: 0/20).

[ebuild  N     ] sys-apps/hwdata-0.391::gentoo  2,422 KiB
[ebuild   R    ] dev-lang/python-exec-2.4.10:2::gentoo  USE="(native-symlinks) -test" PYTHON_TARGETS="(pypy3_11) (python3_11) (python3_12) (python3_13) (python3_13t*) (python3_14%*) (python3_14t%*)" 83 KiB
[ebuild  N     ] app-text/mandoc-1.14.6::gentoo  USE="-cgi (-selinux) -system-man -test" 681 KiB
[ebuild  N     ] sys-fs/dosfstools-4.2::gentoo  USE="iconv -compat -test" 314 KiB
[ebuild  N     ] sys-fs/fuse-common-3.10.4::gentoo  2,723 KiB
[ebuild  N     ] dev-libs/gobject-introspection-common-1.84.0::gentoo  1,055 KiB
[ebuild  N     ] sys-libs/efivar-39-r1:0/1::gentoo  USE="-test" 453 KiB
[ebuild  N     ] media-libs/libpng-1.6.50-r1:0/16::gentoo  USE="-apng -static-libs -test" ABI_X86="(64) -32 (-x32)" CPU_FLAGS_X86="sse" 1,037 KiB
[ebuild  N     ] app-text/lowdown-2.0.2:0/3::gentoo  661 KiB
[ebuild  N     ] dev-python/pygments-2.19.2::gentoo  USE="-test" PYTHON_TARGETS="python3_13 -pypy3_11 -python3_11 -python3_12 -python3_13t -python3_14 -python3_14t" 4,853 KiB
[ebuild  NS    ] dev-lang/python-3.14.0_beta3:3.14::gentoo [3.13.5:3.13::gentoo] USE="ensurepip gdbm ncurses readline sqlite ssl -bluetooth -build -debug -examples (-jit) -libedit -pgo -tail-call-interp% -test -tk -valgrind -verify-sig" LLVM_SLOT="19%* (-18%*)" 23,079 KiB
[ebuild  N     ] dev-libs/libpcre-8.45-r3:3::gentoo  USE="bzip2 cxx jit readline (unicode) zlib -libedit -pcre16 -pcre32 -static-libs -valgrind" ABI_X86="(64) -32 (-x32)" 1,542 KiB
[ebuild  N     ] media-libs/freetype-2.13.3:2::gentoo  USE="adobe-cff bzip2 cleartype-hinting png -X -brotli -debug -doc -fontforge -harfbuzz -static-libs -svg -utils" ABI_X86="(64) -32 (-x32)" 2,557 KiB
[ebuild  N     ] dev-lang/nasm-2.16.03::gentoo  USE="-doc" 1,009 KiB
[ebuild  N     ] sys-fs/f2fs-tools-1.16.0-r2:0/10::gentoo  USE="-lz4 -lzo (-selinux)" 260 KiB
[ebuild  N     ] sys-libs/slang-2.3.3-r1::gentoo  USE="pcre readline zlib -cjk -png -static-libs" ABI_X86="(64) -32 (-x32)" 1,608 KiB
[ebuild  N     ] dev-python/olefile-0.47::gentoo  USE="-doc" PYTHON_TARGETS="python3_13 -pypy3_11 -python3_11 -python3_12 -python3_14" 100 KiB
[ebuild  N     ] app-text/xmlto-0.0.28-r11::gentoo  USE="-latex -text" 125 KiB
[ebuild  N     ] virtual/libudev-251-r2:0/1::gentoo  USE="-systemd" ABI_X86="(64) -32 (-x32)" 0 KiB
[ebuild  N     ] sys-fs/lvm2-2.03.22-r7::gentoo  USE="readline udev -lvm -sanlock (-selinux) -static -static-libs -systemd -thin -valgrind" 0 KiB
[ebuild  N     ] sys-apps/pciutils-3.14.0::gentoo  USE="kmod udev zlib -dns -static-libs" ABI_X86="(64) -32 (-x32)" 706 KiB
[ebuild  N     ] sys-boot/efibootmgr-18-r2::gentoo  45 KiB
[ebuild  N     ] media-libs/libjpeg-turbo-3.1.1:0/0.2::gentoo  USE="-java -static-libs" ABI_X86="(64) -32 (-x32)" 2,462 KiB
[ebuild  N     ] x11-base/xorg-proto-2024.1::gentoo  USE="-test" 743 KiB
[ebuild  N     ] sys-fs/fuse-3.17.2:3/4::gentoo  USE="suid (-test)" ABI_X86="(64) -32 (-x32)" 5,496 KiB
[ebuild  N     ] dev-python/pillow-11.3.0::gentoo  USE="jpeg zlib -avif -debug -examples -imagequant -jpeg2k -lcms -test -tiff -tk -truetype -webp -xcb" PYTHON_TARGETS="python3_13 -pypy3_11 -python3_11 -python3_12 -python3_14" 46,068 KiB
[ebuild  N     ] x11-apps/bdftopcf-1.1.2::gentoo  143 KiB
[ebuild  N     ] sys-boot/grub-2.12-r7:2/2.12-r7::gentoo  USE="device-mapper fonts mount nls themes -doc -efiemu -libzfs -sdl -secureboot (-test) -truetype -verify-sig" GRUB_PLATFORMS="efi-64 pc -coreboot -efi-32 -emu -ieee1275 (-loongson) -multiboot -qemu (-qemu-mips) -uboot -xen -xen-32 -xen-pvh" 8,258 KiB
[ebuild  N     ] dev-python/docutils-0.21.2::gentoo  PYTHON_TARGETS="python3_13 -pypy3_11 -python3_11 -python3_12 -python3_14" 2,153 KiB
[ebuild  N     ] media-fonts/terminus-font-4.49.1-r2::gentoo  USE="center-tilde otf pcf-unicode psf -X -a-like-o -distinct-l -pcf-8bit -quote -ru-dv -ru-g -ru-i -ru-k" 634 KiB
[ebuild  N     ] dev-libs/glib-2.84.3:2::gentoo  USE="elf introspection mime xattr -dbus -debug -doc (-selinux) -static-libs -sysprof -systemtap -test -utils" ABI_X86="(64) -32 (-x32)" 6,513 KiB
[ebuild  N     ] x11-misc/shared-mime-info-2.4-r2::gentoo  USE="-test" 6,931 KiB
[ebuild  N     ] app-misc/mc-4.8.33::gentoo  USE="edit nls slang unicode -X -gpm -sftp -spell -test" 2,368 KiB
[ebuild  N     ] dev-util/desktop-file-utils-0.28::gentoo  80 KiB
[ebuild  N     ] sys-process/btop-1.4.4::gentoo  1,217 KiB
[ebuild  N     ] app-admin/sudo-1.9.17_p1::gentoo  USE="nls pam secure-path ssl -gcrypt -ldap -offensive -sasl (-selinux) -sendmail -skey -sssd -verify-sig" 5,322 KiB

Total: 36 packages (34 new, 1 in new slot, 1 reinstall), Size of downloads: 133,684 KiB

>>> Verifying ebuild manifests
>>> Running pre-merge checks for app-text/mandoc-1.14.6
>>> Running pre-merge checks for dev-lang/python-3.14.0_beta3
>>> Running pre-merge checks for media-libs/freetype-2.13.3
>>> Running pre-merge checks for sys-apps/pciutils-3.14.0
>>> Emerging (1 of 36) sys-apps/hwdata-0.391::gentoo
>>> Emerging (2 of 36) dev-lang/python-exec-2.4.10::gentoo
>>> Emerging (3 of 36) app-text/mandoc-1.14.6::gentoo
>>> Emerging (4 of 36) sys-fs/dosfstools-4.2::gentoo
>>> Emerging (5 of 36) sys-fs/fuse-common-3.10.4::gentoo
>>> Installing (1 of 36) sys-apps/hwdata-0.391::gentoo
>>> Completed (1 of 36) sys-apps/hwdata-0.391::gentoo
>>> Installing (2 of 36) dev-lang/python-exec-2.4.10::gentoo
>>> Completed (2 of 36) dev-lang/python-exec-2.4.10::gentoo
>>> Installing (4 of 36) sys-fs/dosfstools-4.2::gentoo
>>> Recording sys-fs/dosfstools in "world" favorites file...
>>> Completed (4 of 36) sys-fs/dosfstools-4.2::gentoo
>>> Installing (3 of 36) app-text/mandoc-1.14.6::gentoo
>>> Completed (3 of 36) app-text/mandoc-1.14.6::gentoo
>>> Installing (5 of 36) sys-fs/fuse-common-3.10.4::gentoo
>>> Completed (5 of 36) sys-fs/fuse-common-3.10.4::gentoo
>>> Emerging (6 of 36) dev-libs/gobject-introspection-common-1.84.0::gentoo
>>> Emerging (7 of 36) sys-libs/efivar-39-r1::gentoo
>>> Emerging (8 of 36) media-libs/libpng-1.6.50-r1::gentoo
>>> Emerging (9 of 36) app-text/lowdown-2.0.2::gentoo
>>> Emerging (10 of 36) dev-python/pygments-2.19.2::gentoo
>>> Emerging (11 of 36) dev-lang/python-3.14.0_beta3::gentoo
>>> Installing (6 of 36) dev-libs/gobject-introspection-common-1.84.0::gentoo
>>> Completed (6 of 36) dev-libs/gobject-introspection-common-1.84.0::gentoo
>>> Installing (7 of 36) sys-libs/efivar-39-r1::gentoo
>>> Completed (7 of 36) sys-libs/efivar-39-r1::gentoo
>>> Installing (8 of 36) media-libs/libpng-1.6.50-r1::gentoo
>>> Completed (8 of 36) media-libs/libpng-1.6.50-r1::gentoo
>>> Installing (9 of 36) app-text/lowdown-2.0.2::gentoo
>>> Completed (9 of 36) app-text/lowdown-2.0.2::gentoo
>>> Installing (10 of 36) dev-python/pygments-2.19.2::gentoo
>>> Completed (10 of 36) dev-python/pygments-2.19.2::gentoo
>>> Installing (11 of 36) dev-lang/python-3.14.0_beta3::gentoo
>>> Completed (11 of 36) dev-lang/python-3.14.0_beta3::gentoo
>>> Emerging (12 of 36) dev-libs/libpcre-8.45-r3::gentoo
>>> Emerging (13 of 36) media-libs/freetype-2.13.3::gentoo
>>> Installing (13 of 36) media-libs/freetype-2.13.3::gentoo
>>> Completed (13 of 36) media-libs/freetype-2.13.3::gentoo
>>> Installing (12 of 36) dev-libs/libpcre-8.45-r3::gentoo
>>> Completed (12 of 36) dev-libs/libpcre-8.45-r3::gentoo
>>> Emerging (14 of 36) dev-lang/nasm-2.16.03::gentoo
>>> Emerging (15 of 36) sys-fs/f2fs-tools-1.16.0-r2::gentoo
>>> Installing (15 of 36) sys-fs/f2fs-tools-1.16.0-r2::gentoo
>>> Recording sys-fs/f2fs-tools in "world" favorites file...
>>> Completed (15 of 36) sys-fs/f2fs-tools-1.16.0-r2::gentoo
>>> Installing (14 of 36) dev-lang/nasm-2.16.03::gentoo
>>> Completed (14 of 36) dev-lang/nasm-2.16.03::gentoo
>>> Emerging (16 of 36) sys-libs/slang-2.3.3-r1::gentoo
>>> Emerging (17 of 36) dev-python/olefile-0.47::gentoo
>>> Emerging (18 of 36) app-text/xmlto-0.0.28-r11::gentoo
>>> Emerging (19 of 36) virtual/libudev-251-r2::gentoo
>>> Emerging (20 of 36) media-libs/libjpeg-turbo-3.1.1::gentoo
>>> Emerging (21 of 36) x11-base/xorg-proto-2024.1::gentoo
>>> Emerging (22 of 36) sys-fs/fuse-3.17.2::gentoo
>>> Installing (17 of 36) dev-python/olefile-0.47::gentoo
>>> Completed (17 of 36) dev-python/olefile-0.47::gentoo
>>> Installing (18 of 36) app-text/xmlto-0.0.28-r11::gentoo
>>> Completed (18 of 36) app-text/xmlto-0.0.28-r11::gentoo
>>> Installing (19 of 36) virtual/libudev-251-r2::gentoo
>>> Completed (19 of 36) virtual/libudev-251-r2::gentoo
>>> Installing (20 of 36) media-libs/libjpeg-turbo-3.1.1::gentoo
>>> Completed (20 of 36) media-libs/libjpeg-turbo-3.1.1::gentoo
>>> Installing (21 of 36) x11-base/xorg-proto-2024.1::gentoo
>>> Completed (21 of 36) x11-base/xorg-proto-2024.1::gentoo
>>> Installing (22 of 36) sys-fs/fuse-3.17.2::gentoo
>>> Completed (22 of 36) sys-fs/fuse-3.17.2::gentoo
>>> Emerging (23 of 36) sys-fs/lvm2-2.03.22-r7::gentoo
>>> Emerging (24 of 36) sys-apps/pciutils-3.14.0::gentoo
>>> Emerging (25 of 36) dev-python/pillow-11.3.0::gentoo
>>> Emerging (26 of 36) x11-apps/bdftopcf-1.1.2::gentoo
>>> Installing (16 of 36) sys-libs/slang-2.3.3-r1::gentoo
>>> Completed (16 of 36) sys-libs/slang-2.3.3-r1::gentoo
>>> Installing (24 of 36) sys-apps/pciutils-3.14.0::gentoo
>>> Completed (24 of 36) sys-apps/pciutils-3.14.0::gentoo
>>> Installing (23 of 36) sys-fs/lvm2-2.03.22-r7::gentoo
>>> Completed (23 of 36) sys-fs/lvm2-2.03.22-r7::gentoo
>>> Installing (26 of 36) x11-apps/bdftopcf-1.1.2::gentoo
>>> Completed (26 of 36) x11-apps/bdftopcf-1.1.2::gentoo
>>> Installing (25 of 36) dev-python/pillow-11.3.0::gentoo
>>> Completed (25 of 36) dev-python/pillow-11.3.0::gentoo
>>> Emerging (27 of 36) sys-boot/efibootmgr-18-r2::gentoo
>>> Emerging (28 of 36) dev-python/docutils-0.21.2::gentoo
>>> Emerging (29 of 36) media-fonts/terminus-font-4.49.1-r2::gentoo
>>> Installing (27 of 36) sys-boot/efibootmgr-18-r2::gentoo
>>> Completed (27 of 36) sys-boot/efibootmgr-18-r2::gentoo
>>> Installing (29 of 36) media-fonts/terminus-font-4.49.1-r2::gentoo
>>> Recording media-fonts/terminus-font in "world" favorites file...
>>> Completed (29 of 36) media-fonts/terminus-font-4.49.1-r2::gentoo
>>> Installing (28 of 36) dev-python/docutils-0.21.2::gentoo
>>> Completed (28 of 36) dev-python/docutils-0.21.2::gentoo
>>> Emerging (30 of 36) sys-boot/grub-2.12-r7::gentoo
>>> Emerging (31 of 36) dev-libs/glib-2.84.3::gentoo
>>> Installing (31 of 36) dev-libs/glib-2.84.3::gentoo
>>> Completed (31 of 36) dev-libs/glib-2.84.3::gentoo
>>> Installing (30 of 36) sys-boot/grub-2.12-r7::gentoo
>>> Recording sys-boot/grub in "world" favorites file...
>>> Completed (30 of 36) sys-boot/grub-2.12-r7::gentoo
>>> Emerging (32 of 36) x11-misc/shared-mime-info-2.4-r2::gentoo
>>> Installing (32 of 36) x11-misc/shared-mime-info-2.4-r2::gentoo
>>> Completed (32 of 36) x11-misc/shared-mime-info-2.4-r2::gentoo
>>> Emerging (33 of 36) app-misc/mc-4.8.33::gentoo
>>> Emerging (34 of 36) dev-util/desktop-file-utils-0.28::gentoo
>>> Installing (33 of 36) app-misc/mc-4.8.33::gentoo
>>> Recording app-misc/mc in "world" favorites file...
>>> Completed (33 of 36) app-misc/mc-4.8.33::gentoo
>>> Installing (34 of 36) dev-util/desktop-file-utils-0.28::gentoo
>>> Completed (34 of 36) dev-util/desktop-file-utils-0.28::gentoo
>>> Emerging (35 of 36) sys-process/btop-1.4.4::gentoo
>>> Emerging (36 of 36) app-admin/sudo-1.9.17_p1::gentoo
>>> Installing (35 of 36) sys-process/btop-1.4.4::gentoo
>>> Recording sys-process/btop in "world" favorites file...
>>> Completed (35 of 36) sys-process/btop-1.4.4::gentoo
>>> Installing (36 of 36) app-admin/sudo-1.9.17_p1::gentoo
>>> Recording app-admin/sudo in "world" favorites file...
>>> Completed (36 of 36) app-admin/sudo-1.9.17_p1::gentoo
>>> Jobs: 36 of 36 complete                                             Load avg: 4.67, 4.45, 4.15

 * Messages for package sys-fs/lvm2-2.03.22-r7:

 * Please enable USE=lvm if you need the LVM daemon and
 * tools like 'lvchange', 'vgchange', etc!

 * Messages for package media-fonts/terminus-font-4.49.1-r2:

 * The following fontconfig configuration files have been installed:
 *
 *   75-yes-terminus.conf
 *
 * Use `eselect fontconfig` to enable/disable them.

 * Messages for package sys-boot/grub-2.12-r7:

 * For information on how to configure GRUB2 please refer to the guide:
 *     https://wiki.gentoo.org/wiki/GRUB2_Quick_Start
 *
 * Install additional packages for optional runtime features:
 *   sys-boot/os-prober for detecting other operating systems (grub-mkconfig)
 *   dev-libs/libisoburn for creating rescue media (grub-mkrescue)
 *   sys-fs/mtools for creating rescue media (grub-mkrescue)
 *   sys-fs/mdadm for enabling RAID device detection
 *   sys-kernel/installkernel[grub] for automatically updating GRUB's configuration on each kernel installation

 * Messages for package app-misc/mc-4.8.33:

 * mc extension scripts depend on many external tools, install them as needed
 *
 * To enable exiting to latest working directory,
 * put this into your ~/.bashrc:
 * . /usr/libexec/mc/mc.sh

 * Messages for package sys-process/btop-1.4.4:

 * Install additional packages for optional runtime features:
 *   dev-util/rocm-smi for GPU monitoring support (Radeon GPUs)
 *   x11-drivers/nvidia-drivers for GPU monitoring support (NVIDIA GPUs)

 * Messages for package app-admin/sudo-1.9.17_p1:

 * To use the -A (askpass) option, you need to install a compatible
 * password program from the following list. Starred packages will
 * automatically register for the use with sudo (but will not force
 * the -A option):
 *
 *  [*] net-misc/ssh-askpass-fullscreen
 *      net-misc/x11-ssh-askpass
 *
 * You can override the choice by setting the SUDO_ASKPASS environmnent
 * variable to the program you want to use.

 * Regenerating GNU info directory index...
 * Processed 106 info files.

 * IMPORTANT: 5 news items need reading for repository 'gentoo'.
 * Use eselect news read to view new items.

[INFO] ✓ Create root password
[INFO] ✓ Create user lortando and his password
[INFO] ✓ Configuring SUDO
[INFO] ✓ Setting GRUB resolution to 1920x1080x32
[INFO] ✓ Installing GRUB
Installing for x86_64-efi platform.
Installation finished. No error reported.
[INFO] ✓ Download GRUB background png
[INFO] ✓ Create GRUB config file
Generating grub configuration file ...
Found background: /boot/grub/grub.png
Found linux image: /boot/vmlinuz-6.13.8-zen1-x86_64
Found initrd image: /boot/amd-uc.img /boot/initramfs-6.13.8-zen1-x86_64.img
Warning: os-prober will not be executed to detect other bootable partitions.
Systems on them will not be added to the GRUB boot configuration.
Check GRUB_DISABLE_OS_PROBER documentation entry.
Adding boot menu entry for UEFI Firmware Settings ...
done
[INFO] ✓ Download gentoo configuration files archive
[INFO] ✓ Extracting downloaded configuration files
[INFO] ✓ Running services
 * service consolefont added to runlevel default
 * service numlock added to runlevel default
 * service sshd added to runlevel default
[INFO] ✓ Removing chroot script
[INFO] ✓ Gentoo Linux installation completed successfully!

╔════════════════════════════════════════════════════════════════╗
║                    INSTALLATION COMPLETE !                     ║
║    Your Gentoo Linux system has been successfully installed    ║
║         You can now reboot and enjoy your new system!          ║
║    After reboot for update packages from stage3 run command    ║
╠════════════════════════════════════════════════════════════════╣
║                  sudo emerge -avNUDu @world                    ║
╚════════════════════════════════════════════════════════════════╝