╔═════════════════════════════════════════════╗
║                - F U G I S -                ║
║  Fast Universal Gentoo Installation Script  ║
║   Created by Lotrando (c) 2024-2025 v 1.8   ║
║               Vanilla version               ║
╚═════════════════════════════════════════════╝
[INFO] ✓ Checks prerequisites for installation
[INFO] ✓ All prerequisites met

UEFI partition size in MB:

Enter UEFI partition size [1024]: 

SWAP config:

1. SWAP Partition
2. SWAP Off

Choose SWAP type (1-2): 2
You have chosen: SWAP Off

Users and passwords:

Enter username [user]: 
Enter user password [toor]: 
Enter root password [toor]: 

Setup computer:

Enter hostname [gentoo]: 
Enter domain name [gentoo.dev]: 

Kernel selection:

1. Zen Sources (optimized for desktop)
2. Git Sources (development kernel)
3. Gentoo Sources (stable with Gentoo patches)

Choose kernel type (1-3): 3
You have chosen: Gentoo Sources

GRUB resolution:

Enter GRUB gfx mode [1920x1080x32]: 

Setup locales:

1. English (en_US.UTF-8)
2. Czech (cs_CZ.UTF-8)
Select locale (1-2): 2
Enter keymap [us]: 
Enter timezone [Europe/Prague]: 

Detected disks:

1. /dev/sda (  16G VBOX HARDDISK   )

Select disk by number (1-1): 1
You selected: /dev/sda (SSD/SATA)

Detected network interfaces:

1. enp0s3

Select network interface by number (1-1): 1
You selected: enp0s3

Network configuration:
1. DHCP (automatic)
2. Static IP

Select network configuration (1-2): 1
You selected: DHCP

Summary of your settings:

UEFI size: 1024 MB
Username: user
User password: toor
Root password: toor
Hostname: gentoo
Domain name: gentoo.dev
Kernel: Gentoo Sources
GRUB Resolution: 1920x1080x32
Timezone: Europe/Prague
Keymap: us
Target disk: /dev/sda
Network interface: enp0s3
Network mode: dhcp
Swap type: none

WARNING: Confirm will COMPLETELY WIPE the selected disk!

Is everything set as you want? (y/n): y
[INFO] ✓ Starting installation process...
[INFO] ✓ Starting partitions setup
[INFO] ✓ Creating partitions on /dev/sda
[INFO] ✓ Creating filesystems on UEFI and ROOT partitions
[INFO] ✓ Mounting created filesystems
[INFO] ✓ Downloading: stage3-amd64-openrc-20250629T163708Z.tar.xz
[INFO] ✓ Extracting stage3: stage3-amd64-openrc-20250629T163708Z.tar.xz
[INFO] ✓ Cleaning up downloaded tarball
[INFO] ✓ Mounting [proc sys dev run] filesystems
[INFO] ✓ Detected Intel GPU
[INFO] ✓ Detect CPU flags: aes avx avx2 bmi1 bmi2 f16c fma3 mmx mmxext pclmul popcnt rdrand sse sse2 sse3 sse4_1 sse4_2 ssse3
[INFO] ✓ Detect MAKEOPTS: -j6
[INFO] ✓ Creating configuration for chroot
[INFO] ✓ Creating chroot installation script
[INFO] ✓ Entering chroot and starting installation
[INFO] ✓ Starting chroot installation
[INFO] ✓ Updating portage tree
[INFO] ✓ Configuring portage
[INFO] ✓ Configuring GPU in make.conf
[INFO] ✓ Configuring CPU FLAGS in make.conf
[INFO] ✓ Configuring MAKEOPTS in make.conf
[INFO] ✓ Make /etc/fstab
[INFO] ✓ Configuring [hostname, consolefont, hosts]
[INFO] ✓ Configuring LAN
[INFO] ✓ Configuring keymap
[INFO] ✓ Configuring locales
[INFO] ✓ Setting timezone
[INFO] ✓ Installing kernel packages

These are the packages that would be merged, in order:

Calculating dependencies... done!
Dependency resolution took 2.02 s (backtrack: 0/20).

[ebuild  N     ] dev-libs/elfutils-0.193::gentoo  USE="bzip2 nls utils -debuginfod -lzma -stacktrace -static-libs -test -valgrind -verify-sig -zstd" ABI_X86="(64) -32 (-x32)" 11 695 KiB
[ebuild  N     ] virtual/libelf-3-r1:0/1::gentoo  ABI_X86="(64) -32 (-x32)" 0 KiB
[ebuild  N     ] app-arch/cpio-2.15::gentoo  USE="nls" 1 613 KiB
[ebuild  N     ] app-alternatives/cpio-0::gentoo  USE="gnu -libarchive (-split-usr)" 0 KiB
[ebuild  N     ] sys-kernel/gentoo-sources-6.15.4:6.15.4::gentoo  USE="symlink -build -experimental" 148 083 KiB

Total: 5 packages (5 new), Size of downloads: 161 390 KiB

>>> Verifying ebuild manifests
>>> Running pre-merge checks for sys-kernel/gentoo-sources-6.15.4
 * Checking for at least 4 GiB disk space at "/var/tmp/portage/sys-kernel/gentoo-sources-6.15.4/temp" ...                    [ ok ]
>>> Emerging (1 of 5) dev-libs/elfutils-0.193::gentoo
>>> Emerging (2 of 5) app-arch/cpio-2.15::gentoo
>>> Installing (2 of 5) app-arch/cpio-2.15::gentoo
>>> Completed (2 of 5) app-arch/cpio-2.15::gentoo
>>> Installing (1 of 5) dev-libs/elfutils-0.193::gentoo
>>> Completed (1 of 5) dev-libs/elfutils-0.193::gentoo
>>> Emerging (3 of 5) virtual/libelf-3-r1::gentoo
>>> Installing (3 of 5) virtual/libelf-3-r1::gentoo
>>> Completed (3 of 5) virtual/libelf-3-r1::gentoo
>>> Emerging (4 of 5) app-alternatives/cpio-0::gentoo
>>> Installing (4 of 5) app-alternatives/cpio-0::gentoo
>>> Completed (4 of 5) app-alternatives/cpio-0::gentoo
>>> Emerging (5 of 5) sys-kernel/gentoo-sources-6.15.4::gentoo
>>> Installing (5 of 5) sys-kernel/gentoo-sources-6.15.4::gentoo
>>> Recording sys-kernel/gentoo-sources in "world" favorites file...
>>> Completed (5 of 5) sys-kernel/gentoo-sources-6.15.4::gentoo
>>> Jobs: 5 of 5 complete                                               Load avg: 1.78, 1.27, 0.54

 * Messages for package app-alternatives/cpio-0:

 * This package will overwrite one or more files that may belong to other
 * packages (see list below). You can use a command such as `portageq
 * owners / <filename>` to identify the installed package that owns a
 * file. If portageq reports that only one package owns a file then do
 * NOT file a bug report. A bug report is only useful if it identifies at
 * least two or more packages that are known to install the same file(s).
 * If a collision occurs and you can not explain where the file came from
 * then you should simply ignore the collision since there is not enough
 * information to determine if a real problem exists. Please do NOT file
 * a bug report at https://bugs.gentoo.org/ unless you report exactly
 * which two packages install the same file(s). See
 * https://wiki.gentoo.org/wiki/Knowledge_Base:Blockers for tips on how
 * to solve the problem. And once again, please do NOT file a bug report
 * unless you have completely understood the above message.
 * 
 * Detected file collision(s):
 * 
 * 	/bin/cpio
 * 
 * Searching all installed packages for file collisions...
 * 
 * Press Ctrl-C to Stop
 * 
 * None of the installed packages claim the file(s).
 * 
 * Package 'app-alternatives/cpio-0' merged despite file collisions. If
 * necessary, refer to your elog messages for the whole content of the
 * above message.

 * Messages for package sys-kernel/gentoo-sources-6.15.4:

 * If you are upgrading from a previous kernel, you may be interested
 * in the following document:
 *   - General upgrade guide: https://wiki.gentoo.org/wiki/Kernel/Upgrade
 * Install additional packages for optional runtime features:
 *   sys-kernel/installkernel for versioned kernel image installation and optionally automating tasks such as generating an initramfs or unified kernel image

 * Regenerating GNU info directory index...
 * Processed 102 info files.

These are the packages that would be merged, in order:

Calculating dependencies... done!
Dependency resolution took 4.04 s (backtrack: 0/20).

[ebuild  N     ] sys-kernel/linux-firmware-20250613_p20250624::gentoo  USE="initramfs redistributable -bindist -compress-xz -compress-zstd -deduplicate -dist-kernel -savedconfig (-unknown-license)" 744 116 KiB
[ebuild  N     ] app-text/asciidoc-10.2.1::gentoo  USE="-test" PYTHON_SINGLE_TARGET="python3_13 -pypy3_11 -python3_11 -python3_12" 1 251 KiB
[ebuild  N     ] sys-kernel/genkernel-4.3.17::gentoo  USE="firmware (-ibm) -systemd" PYTHON_SINGLE_TARGET="python3_13 -python3_11 -python3_12" 185 581 KiB

Total: 3 packages (3 new), Size of downloads: 930 947 KiB

>>> Verifying ebuild manifests
>>> Running pre-merge checks for sys-kernel/linux-firmware-20250613_p20250624
 * Your /boot partition was detected as being mounted.
 * Files will be installed there for linux-firmware to function correctly.
 * Assuming you do not have a separate /efi partition.
 * Assuming you do not have a separate /boot/efi partition.
 * Assuming you do not have a separate /boot/EFI partition.
>>> Emerging (1 of 3) sys-kernel/linux-firmware-20250613_p20250624::gentoo
>>> Emerging (2 of 3) app-text/asciidoc-10.2.1::gentoo
>>> Installing (2 of 3) app-text/asciidoc-10.2.1::gentoo
>>> Completed (2 of 3) app-text/asciidoc-10.2.1::gentoo
>>> Installing (1 of 3) sys-kernel/linux-firmware-20250613_p20250624::gentoo
>>> Recording sys-kernel/linux-firmware in "world" favorites file...
>>> Completed (1 of 3) sys-kernel/linux-firmware-20250613_p20250624::gentoo
>>> Emerging (3 of 3) sys-kernel/genkernel-4.3.17::gentoo
>>> Installing (3 of 3) sys-kernel/genkernel-4.3.17::gentoo
>>> Recording sys-kernel/genkernel in "world" favorites file...
>>> Completed (3 of 3) sys-kernel/genkernel-4.3.17::gentoo
>>> Jobs: 3 of 3 complete                                               Load avg: 1.19, 1.13, 0.65

 * Messages for package app-text/asciidoc-10.2.1:

 * If you are going to use a2x, please also look at a2x(1) under
 * REQUISITES for a list of runtime dependencies.
 * 
 * (Note: Above message is only printed the first time package is
 * installed. Please look at /usr/share/doc/asciidoc-10.2.1/README.gentoo*
 * for future reference)
 * Install additional packages for optional runtime features:
 *   media-sound/lilypond and virtual/imagemagick-tools for music filter support
 *   dev-util/source-highlight and dev-python/pygments and app-text/highlight for source filter support
 *   dev-texlive/texlive-latex and app-text/dvipng for latex filter support
 *   dev-texlive/texlive-latex and app-text/dvisvgm for latex filter support
 *   media-gfx/graphviz for graphviz filter support

 * Messages for package sys-kernel/linux-firmware-20250613_p20250624:

 * Your configuration for sys-kernel/linux-firmware-20250613_p20250624 has been saved in 
 * "/etc/portage/savedconfig/sys-kernel/linux-firmware-20250613_p20250624" for your editing pleasure.
 * You can edit these files by hand and remerge this package with
 * USE=savedconfig to customise the configuration.
 * You can rename this file/directory to one of the following for
 * its configuration to apply to multiple versions:
 * ${PORTAGE_CONFIGROOT}/etc/portage/savedconfig/
 * [${CTARGET}|${CHOST}|""]/${CATEGORY}/[${PF}|${P}|${PN}]
 * If you are only interested in particular firmware files, edit the saved
 * configfile and remove those that you do not want.

 * GNU info directory index is up-to-date.

 * IMPORTANT: 2 news items need reading for repository 'gentoo'.
 * Use eselect news read to view new items.

* Gentoo Linux Genkernel; Version 4.3.17
* Using genkernel configuration from '/etc/genkernel.conf' ...
* Running with options: all

* Working with Linux kernel 6.15.4-gentoo for x86_64
* Using kernel config file '/usr/share/genkernel/arch/x86_64/generated-config' ...
* 
* Note: The version above is subject to change (depends on config and status of kernel sources).

* kernel: >> Initializing ...
*         >> Running 'make mrproper' ...
*         >> Running 'make oldconfig' ...
*         >> Re-running 'make oldconfig' due to changed kernel options ...
*         >> Kernel version has changed (probably due to config change) since genkernel start:
*            We are now building Linux kernel 6.15.4-gentoo-x86_64 for x86_64 ...
*         >> Compiling 6.15.4-gentoo-x86_64 bzImage ...
*         >> Compiling 6.15.4-gentoo-x86_64 modules ...
*         >> Installing 6.15.4-gentoo-x86_64 modules (and stripping) ...
*         >> Generating module dependency data ...
*         >> Compiling out-of-tree module(s) ...
*         >> Saving config of successful build to '/etc/kernels/kernel-config-6.15.4-gentoo-x86_64' ...

* initramfs: >> Initializing ...
*         >> Appending devices cpio data ...
*         >> Appending base_layout cpio data ...
*         >> Appending util-linux cpio data ...
*         >> Appending eudev cpio data ...
*         >> Appending auxiliary cpio data ...
*         >> Appending busybox cpio data ...
*         >> Appending modprobed cpio data ...
*         >> Appending modules cpio data ...
*         >> Deduping cpio ...
*         >> Pre-generating initramfs' /etc/ld.so.cache ...
*         >> Compressing cpio data (.xz) ...

* Kernel compiled successfully!
* 
* --no-bootloader set; Skipping bootloader update ...
* 
* Required kernel parameter:
* 
* 	root=/dev/$ROOT
* 
* Where $ROOT is the device node for your root partition as the
* one specified in /etc/fstab

* If you require Genkernel's hardware detection features, you MUST
* tell your bootloader to use the provided initramfs file '/boot/initramfs-6.15.4-gentoo-x86_64.img'.

* WARNING... WARNING... WARNING...
* Additional kernel parameters that *may* be required to boot properly:

* Do NOT report kernel bugs as genkernel bugs unless your bug
* is about the default genkernel configuration...
* 
* Make sure you have the latest ~arch genkernel before reporting bugs.

 * IMPORTANT: 2 news items need reading for repository 'gentoo'.
 * Use eselect news read to view new items.


These are the packages that would be merged, in order:

Calculating dependencies... done!
Dependency resolution took 2.23 s (backtrack: 0/20).

[ebuild  N     ] sys-apps/hwdata-0.391::gentoo  2 422 KiB
[ebuild  N     ] virtual/libudev-251-r2:0/1::gentoo  USE="-systemd" ABI_X86="(64) -32 (-x32)" 0 KiB
[ebuild  N     ] x11-base/xorg-proto-2024.1::gentoo  USE="-test" 743 KiB
[ebuild  N     ] media-libs/libpng-1.6.49:0/16::gentoo  USE="-apng -static-libs -test" ABI_X86="(64) -32 (-x32)" CPU_FLAGS_X86="sse" 1 036 KiB
[ebuild  N     ] app-text/mandoc-1.14.6::gentoo  USE="-cgi (-selinux) -system-man -test" 681 KiB
[ebuild  N     ] sys-fs/f2fs-tools-1.16.0-r2:0/10::gentoo  USE="-lz4 -lzo (-selinux)" 260 KiB
[ebuild  N     ] sys-fs/dosfstools-4.2::gentoo  USE="iconv -compat -test" 314 KiB
[ebuild  N     ] x11-apps/bdftopcf-1.1.2::gentoo  143 KiB
[ebuild  N     ] sys-fs/lvm2-2.03.22-r7::gentoo  USE="readline udev -lvm -sanlock (-selinux) -static -static-libs -systemd -thin -valgrind" 0 KiB
[ebuild  N     ] media-libs/freetype-2.13.3:2::gentoo  USE="adobe-cff bzip2 cleartype-hinting png -X -brotli -debug -doc -fontforge -harfbuzz -static-libs -svg -utils" ABI_X86="(64) -32 (-x32)" 2 557 KiB
[ebuild  N     ] sys-apps/pciutils-3.14.0::gentoo  USE="kmod udev zlib -dns -static-libs" ABI_X86="(64) -32 (-x32)" 706 KiB
[ebuild  N     ] sys-libs/efivar-39-r1:0/1::gentoo  USE="-test" 453 KiB
[ebuild  N     ] sys-fs/fuse-common-3.10.4::gentoo  2 723 KiB
[ebuild  N     ] app-admin/sudo-1.9.17::gentoo  USE="nls pam secure-path ssl -gcrypt -ldap -offensive -sasl (-selinux) -sendmail -skey -sssd -verify-sig" 5 321 KiB
[ebuild  N     ] sys-fs/fuse-3.17.2:3/4::gentoo  USE="suid (-test)" ABI_X86="(64) -32 (-x32)" 5 496 KiB
[ebuild  N     ] sys-boot/efibootmgr-18-r2::gentoo  45 KiB
[ebuild  N     ] media-fonts/terminus-font-4.49.1-r2::gentoo  USE="center-tilde otf pcf-unicode psf -X -a-like-o -distinct-l -pcf-8bit -quote -ru-dv -ru-g -ru-i -ru-k" 634 KiB
[ebuild  N     ] sys-boot/grub-2.12-r7:2/2.12-r7::gentoo  USE="device-mapper fonts mount nls themes -doc -efiemu -libzfs -sdl -secureboot (-test) -truetype -verify-sig" GRUB_PLATFORMS="efi-64 pc -coreboot -efi-32 -emu -ieee1275 (-loongson) -multiboot -qemu (-qemu-mips) -uboot -xen -xen-32 -xen-pvh" 8 258 KiB

Total: 18 packages (18 new), Size of downloads: 31 783 KiB

>>> Verifying ebuild manifests
>>> Running pre-merge checks for app-text/mandoc-1.14.6
>>> Running pre-merge checks for media-libs/freetype-2.13.3
>>> Running pre-merge checks for sys-apps/pciutils-3.14.0
>>> Emerging (1 of 18) sys-apps/hwdata-0.391::gentoo
>>> Emerging (2 of 18) virtual/libudev-251-r2::gentoo
>>> Emerging (3 of 18) x11-base/xorg-proto-2024.1::gentoo
>>> Emerging (4 of 18) media-libs/libpng-1.6.49::gentoo
>>> Emerging (5 of 18) app-text/mandoc-1.14.6::gentoo
>>> Emerging (6 of 18) sys-fs/f2fs-tools-1.16.0-r2::gentoo
>>> Emerging (7 of 18) sys-fs/dosfstools-4.2::gentoo
>>> Emerging (8 of 18) sys-fs/fuse-common-3.10.4::gentoo
>>> Emerging (9 of 18) app-admin/sudo-1.9.17::gentoo
>>> Installing (1 of 18) sys-apps/hwdata-0.391::gentoo
>>> Completed (1 of 18) sys-apps/hwdata-0.391::gentoo
>>> Installing (2 of 18) virtual/libudev-251-r2::gentoo
>>> Completed (2 of 18) virtual/libudev-251-r2::gentoo
>>> Installing (3 of 18) x11-base/xorg-proto-2024.1::gentoo
>>> Completed (3 of 18) x11-base/xorg-proto-2024.1::gentoo
>>> Installing (4 of 18) media-libs/libpng-1.6.49::gentoo
>>> Completed (4 of 18) media-libs/libpng-1.6.49::gentoo
>>> Installing (5 of 18) app-text/mandoc-1.14.6::gentoo
>>> Completed (5 of 18) app-text/mandoc-1.14.6::gentoo
>>> Installing (7 of 18) sys-fs/dosfstools-4.2::gentoo
>>> Recording sys-fs/dosfstools in "world" favorites file...
>>> Completed (7 of 18) sys-fs/dosfstools-4.2::gentoo
>>> Installing (8 of 18) sys-fs/fuse-common-3.10.4::gentoo
>>> Completed (8 of 18) sys-fs/fuse-common-3.10.4::gentoo
>>> Installing (6 of 18) sys-fs/f2fs-tools-1.16.0-r2::gentoo
>>> Recording sys-fs/f2fs-tools in "world" favorites file...
>>> Completed (6 of 18) sys-fs/f2fs-tools-1.16.0-r2::gentoo
>>> Installing (9 of 18) app-admin/sudo-1.9.17::gentoo
>>> Recording app-admin/sudo in "world" favorites file...
>>> Completed (9 of 18) app-admin/sudo-1.9.17::gentoo
>>> Emerging (10 of 18) x11-apps/bdftopcf-1.1.2::gentoo
>>> Emerging (11 of 18) sys-fs/lvm2-2.03.22-r7::gentoo
>>> Emerging (12 of 18) media-libs/freetype-2.13.3::gentoo
>>> Emerging (13 of 18) sys-apps/pciutils-3.14.0::gentoo
>>> Emerging (14 of 18) sys-libs/efivar-39-r1::gentoo
>>> Emerging (15 of 18) sys-fs/fuse-3.17.2::gentoo
>>> Installing (10 of 18) x11-apps/bdftopcf-1.1.2::gentoo
>>> Completed (10 of 18) x11-apps/bdftopcf-1.1.2::gentoo
>>> Installing (12 of 18) media-libs/freetype-2.13.3::gentoo
>>> Completed (12 of 18) media-libs/freetype-2.13.3::gentoo
>>> Installing (11 of 18) sys-fs/lvm2-2.03.22-r7::gentoo
>>> Completed (11 of 18) sys-fs/lvm2-2.03.22-r7::gentoo
>>> Installing (13 of 18) sys-apps/pciutils-3.14.0::gentoo
>>> Completed (13 of 18) sys-apps/pciutils-3.14.0::gentoo
>>> Installing (14 of 18) sys-libs/efivar-39-r1::gentoo
>>> Completed (14 of 18) sys-libs/efivar-39-r1::gentoo
>>> Installing (15 of 18) sys-fs/fuse-3.17.2::gentoo
>>> Completed (15 of 18) sys-fs/fuse-3.17.2::gentoo
>>> Emerging (16 of 18) sys-boot/efibootmgr-18-r2::gentoo
>>> Emerging (17 of 18) media-fonts/terminus-font-4.49.1-r2::gentoo
>>> Installing (16 of 18) sys-boot/efibootmgr-18-r2::gentoo
>>> Completed (16 of 18) sys-boot/efibootmgr-18-r2::gentoo
>>> Installing (17 of 18) media-fonts/terminus-font-4.49.1-r2::gentoo
>>> Recording media-fonts/terminus-font in "world" favorites file...
>>> Completed (17 of 18) media-fonts/terminus-font-4.49.1-r2::gentoo
>>> Emerging (18 of 18) sys-boot/grub-2.12-r7::gentoo
>>> Installing (18 of 18) sys-boot/grub-2.12-r7::gentoo
>>> Recording sys-boot/grub in "world" favorites file...
>>> Completed (18 of 18) sys-boot/grub-2.12-r7::gentoo
>>> Jobs: 18 of 18 complete                                             Load avg: 3.60, 3.03, 4.09

 * Messages for package app-admin/sudo-1.9.17:

 * To use the -A (askpass) option, you need to install a compatible
 * password program from the following list. Starred packages will
 * automatically register for the use with sudo (but will not force
 * the -A option):
 * 
 *  [*] net-misc/ssh-askpass-fullscreen
 *      net-misc/x11-ssh-askpass
 * 
 * You can override the choice by setting the SUDO_ASKPASS environmnent
 * variable to the program you want to use.

 * Messages for package sys-fs/lvm2-2.03.22-r7:

 * Please enable USE=lvm if you need the LVM daemon and
 * tools like 'lvchange', 'vgchange', etc!

 * Messages for package media-fonts/terminus-font-4.49.1-r2:

 * The following fontconfig configuration files have been installed:
 * 
 *   75-yes-terminus.conf
 * 
 * Use `eselect fontconfig` to enable/disable them.

 * Messages for package sys-boot/grub-2.12-r7:

 * For information on how to configure GRUB2 please refer to the guide:
 *     https://wiki.gentoo.org/wiki/GRUB2_Quick_Start
 * 
 * Install additional packages for optional runtime features:
 *   sys-boot/os-prober for detecting other operating systems (grub-mkconfig)
 *   dev-libs/libisoburn for creating rescue media (grub-mkrescue)
 *   sys-fs/mtools for creating rescue media (grub-mkrescue)
 *   sys-fs/mdadm for enabling RAID device detection
 *   sys-kernel/installkernel[grub] for automatically updating GRUB's configuration on each kernel installation

 * Regenerating GNU info directory index...
 * Processed 106 info files.

 * IMPORTANT: 4 news items need reading for repository 'gentoo'.
 * Use eselect news read to view new items.

[INFO] ✓ Configuring GRUB and setting resolution 1920x1080x32
[INFO] ✓ Create root password
[INFO] ✓ Create user user and his password
[INFO] ✓ Configuring SUDO for user
[INFO] ✓ Installing GRUB and create config file
Installing for x86_64-efi platform.
Installation finished. No error reported.
Generating grub configuration file ...
Found linux image: /boot/vmlinuz-6.15.4-gentoo-x86_64
Found initrd image: /boot/amd-uc.img /boot/initramfs-6.15.4-gentoo-x86_64.img
Warning: os-prober will not be executed to detect other bootable partitions.
Systems on them will not be added to the GRUB boot configuration.
Check GRUB_DISABLE_OS_PROBER documentation entry.
Adding boot menu entry for UEFI Firmware Settings ...
done
[INFO] ✓ Running services
 * service consolefont added to runlevel default
 * service numlock added to runlevel default
 * service sshd added to runlevel default
[INFO] ✓ Installing user configuration files
[INFO] ✓ Removing chroot script
[INFO] ✓ Gentoo Linux installation completed successfully!

╔════════════════════════════════════════════════════════════════╗
║            ███████╗ ██╗   ██╗  ██████╗  ██╗ ███████╗           ║
║            ██╔════╝ ██║   ██║ ██╔════╝  ██║ ██╔════╝           ║
║            █████╗   ██║   ██║ ██║  ███╗ ██║ ███████╗           ║
║            ██╔══╝   ██║   ██║ ██║   ██║ ██║ ╚════██║           ║
║            ██║      ╚██████╔╝ ╚██████╔╝ ██║ ███████║           ║
║            ╚═╝       ╚═════╝   ╚═════╝  ╚═╝ ╚══════╝           ║
╠════════════════════════════════════════════════════════════════╣
║                    INSTALLATION COMPLETE !                     ║
║    Your Gentoo Linux system has been successfully installed    ║
║         You can now reboot and enjoy your new system!          ║
║    After reboot for update packages from stage3 run command    ║
╠════════════════════════════════════════════════════════════════╣
║                   sudo emerge -avUDu @world                    ║
╚════════════════════════════════════════════════════════════════╝
[INFO] ✓ Cleaning up...

real	74m10.100s
user	292m5.409s
sys	36m31.623s

livecd ~ # reboot
